[0.266s] DEBUG:colcon:Command line arguments: ['/usr/bin/colcon', 'build', '--symlink-install']
[0.266s] DEBUG:colcon:Parsed command line arguments: Namespace(log_base=None, log_level=None, verb_name='build', build_base='build', install_base='install', merge_install=False, symlink_install=True, test_result_base=None, continue_on_error=False, executor='parallel', parallel_workers=8, event_handlers=None, ignore_user_meta=False, metas=['./colcon.meta'], base_paths=['.'], packages_ignore=None, packages_ignore_regex=None, paths=None, packages_up_to=None, packages_up_to_regex=None, packages_above=None, packages_above_and_dependencies=None, packages_above_depth=None, packages_select_by_dep=None, packages_skip_by_dep=None, packages_skip_up_to=None, packages_select_build_failed=False, packages_skip_build_finished=False, packages_select_test_failures=False, packages_skip_test_passed=False, packages_select=None, packages_skip=None, packages_select_regex=None, packages_skip_regex=None, packages_start=None, packages_end=None, allow_overriding=[], cmake_args=None, cmake_target=None, cmake_target_skip_unavailable=False, cmake_clean_cache=False, cmake_clean_first=False, cmake_force_configure=False, ament_cmake_args=None, catkin_cmake_args=None, catkin_skip_building_tests=False, verb_parser=<colcon_defaults.argument_parser.defaults.DefaultArgumentsDecorator object at 0x7f5d942cf700>, verb_extension=<colcon_core.verb.build.BuildVerb object at 0x7f5d942cf190>, main=<bound method BuildVerb.main of <colcon_core.verb.build.BuildVerb object at 0x7f5d942cf190>>)
[0.290s] Level 1:colcon.colcon_core.package_discovery:discover_packages(colcon_meta) check parameters
[0.290s] Level 1:colcon.colcon_core.package_discovery:discover_packages(recursive) check parameters
[0.290s] Level 1:colcon.colcon_core.package_discovery:discover_packages(ignore) check parameters
[0.290s] Level 1:colcon.colcon_core.package_discovery:discover_packages(path) check parameters
[0.290s] Level 1:colcon.colcon_core.package_discovery:discover_packages(colcon_meta) discover
[0.290s] Level 1:colcon.colcon_core.package_discovery:discover_packages(recursive) discover
[0.291s] INFO:colcon.colcon_core.package_discovery:Crawling recursively for packages in '/home/tienn/dev_ws/src/my_bot'
[0.291s] Level 1:colcon.colcon_core.package_identification:_identify(.) by extensions ['ignore', 'ignore_ament_install']
[0.291s] Level 1:colcon.colcon_core.package_identification:_identify(.) by extension 'ignore'
[0.291s] Level 1:colcon.colcon_core.package_identification:_identify(.) by extension 'ignore_ament_install'
[0.291s] Level 1:colcon.colcon_core.package_identification:_identify(.) by extensions ['colcon_pkg']
[0.291s] Level 1:colcon.colcon_core.package_identification:_identify(.) by extension 'colcon_pkg'
[0.291s] Level 1:colcon.colcon_core.package_identification:_identify(.) by extensions ['colcon_meta']
[0.291s] Level 1:colcon.colcon_core.package_identification:_identify(.) by extension 'colcon_meta'
[0.291s] Level 1:colcon.colcon_core.package_identification:_identify(.) by extensions ['ros']
[0.291s] Level 1:colcon.colcon_core.package_identification:_identify(.) by extension 'ros'
[0.301s] DEBUG:colcon.colcon_core.package_identification:Package '.' with type 'ros.ament_cmake' and name 'my_bot'
[0.301s] Level 1:colcon.colcon_core.package_discovery:discover_packages(recursive) using defaults
[0.301s] Level 1:colcon.colcon_core.package_discovery:discover_packages(ignore) discover
[0.301s] Level 1:colcon.colcon_core.package_discovery:discover_packages(ignore) using defaults
[0.301s] Level 1:colcon.colcon_core.package_discovery:discover_packages(path) discover
[0.301s] Level 1:colcon.colcon_core.package_discovery:discover_packages(path) using defaults
[0.318s] Level 1:colcon.colcon_core.package_discovery:discover_packages(prefix_path) check parameters
[0.318s] Level 1:colcon.colcon_core.package_discovery:discover_packages(prefix_path) discover
[0.320s] DEBUG:colcon.colcon_installed_package_information.package_discovery:Found 3 installed packages in /home/tienn/ros2_ws/install
[0.321s] DEBUG:colcon.colcon_installed_package_information.package_discovery:Found 386 installed packages in /opt/ros/humble
[0.323s] Level 1:colcon.colcon_core.package_discovery:discover_packages(prefix_path) using defaults
[0.379s] Level 5:colcon.colcon_core.verb:set package 'my_bot' build argument 'cmake_args' from command line to 'None'
[0.379s] Level 5:colcon.colcon_core.verb:set package 'my_bot' build argument 'cmake_target' from command line to 'None'
[0.379s] Level 5:colcon.colcon_core.verb:set package 'my_bot' build argument 'cmake_target_skip_unavailable' from command line to 'False'
[0.379s] Level 5:colcon.colcon_core.verb:set package 'my_bot' build argument 'cmake_clean_cache' from command line to 'False'
[0.379s] Level 5:colcon.colcon_core.verb:set package 'my_bot' build argument 'cmake_clean_first' from command line to 'False'
[0.379s] Level 5:colcon.colcon_core.verb:set package 'my_bot' build argument 'cmake_force_configure' from command line to 'False'
[0.379s] Level 5:colcon.colcon_core.verb:set package 'my_bot' build argument 'ament_cmake_args' from command line to 'None'
[0.379s] Level 5:colcon.colcon_core.verb:set package 'my_bot' build argument 'catkin_cmake_args' from command line to 'None'
[0.379s] Level 5:colcon.colcon_core.verb:set package 'my_bot' build argument 'catkin_skip_building_tests' from command line to 'False'
[0.379s] DEBUG:colcon.colcon_core.verb:Building package 'my_bot' with the following arguments: {'ament_cmake_args': None, 'build_base': '/home/tienn/dev_ws/src/my_bot/build/my_bot', 'catkin_cmake_args': None, 'catkin_skip_building_tests': False, 'cmake_args': None, 'cmake_clean_cache': False, 'cmake_clean_first': False, 'cmake_force_configure': False, 'cmake_target': None, 'cmake_target_skip_unavailable': False, 'install_base': '/home/tienn/dev_ws/src/my_bot/install/my_bot', 'merge_install': False, 'path': '/home/tienn/dev_ws/src/my_bot', 'symlink_install': True, 'test_result_base': None}
[0.379s] INFO:colcon.colcon_core.executor:Executing jobs using 'parallel' executor
[0.382s] DEBUG:colcon.colcon_parallel_executor.executor.parallel:run_until_complete
[0.382s] INFO:colcon.colcon_ros.task.ament_cmake.build:Building ROS package in '/home/tienn/dev_ws/src/my_bot' with build type 'ament_cmake'
[0.382s] INFO:colcon.colcon_cmake.task.cmake.build:Building CMake package in '/home/tienn/dev_ws/src/my_bot'
[0.385s] INFO:colcon.colcon_core.plugin_system:Skipping extension 'colcon_core.shell.bat': Not used on non-Windows systems
[0.385s] INFO:colcon.colcon_core.shell:Skip shell extension 'powershell' for command environment: Not usable outside of PowerShell
[0.385s] DEBUG:colcon.colcon_core.shell:Skip shell extension 'dsv' for command environment
[0.393s] DEBUG:colcon.colcon_core.event_handler.log_command:Invoking command in '/home/tienn/dev_ws/src/my_bot/build/my_bot': CMAKE_PREFIX_PATH=${CMAKE_PREFIX_PATH}:/home/tienn/ros2_ws/install/my_robot_controller:/opt/ros/humble /usr/bin/cmake /home/tienn/dev_ws/src/my_bot -DAMENT_CMAKE_SYMLINK_INSTALL=1 -DCMAKE_INSTALL_PREFIX=/home/tienn/dev_ws/src/my_bot/install/my_bot
[0.874s] DEBUG:colcon.colcon_core.event_handler.log_command:Invoked command in '/home/tienn/dev_ws/src/my_bot/build/my_bot' returned '0': CMAKE_PREFIX_PATH=${CMAKE_PREFIX_PATH}:/home/tienn/ros2_ws/install/my_robot_controller:/opt/ros/humble /usr/bin/cmake /home/tienn/dev_ws/src/my_bot -DAMENT_CMAKE_SYMLINK_INSTALL=1 -DCMAKE_INSTALL_PREFIX=/home/tienn/dev_ws/src/my_bot/install/my_bot
[0.875s] DEBUG:colcon.colcon_core.event_handler.log_command:Invoking command in '/home/tienn/dev_ws/src/my_bot/build/my_bot': CMAKE_PREFIX_PATH=${CMAKE_PREFIX_PATH}:/home/tienn/ros2_ws/install/my_robot_controller:/opt/ros/humble /usr/bin/cmake --build /home/tienn/dev_ws/src/my_bot/build/my_bot -- -j8 -l8
[0.904s] DEBUG:colcon.colcon_core.event_handler.log_command:Invoked command in '/home/tienn/dev_ws/src/my_bot/build/my_bot' returned '0': CMAKE_PREFIX_PATH=${CMAKE_PREFIX_PATH}:/home/tienn/ros2_ws/install/my_robot_controller:/opt/ros/humble /usr/bin/cmake --build /home/tienn/dev_ws/src/my_bot/build/my_bot -- -j8 -l8
[0.927s] DEBUG:colcon.colcon_core.event_handler.log_command:Invoking command in '/home/tienn/dev_ws/src/my_bot/build/my_bot': CMAKE_PREFIX_PATH=${CMAKE_PREFIX_PATH}:/home/tienn/ros2_ws/install/my_robot_controller:/opt/ros/humble /usr/bin/cmake --install /home/tienn/dev_ws/src/my_bot/build/my_bot
[1.083s] Level 1:colcon.colcon_core.environment:create_environment_scripts_only(my_bot)
[1.084s] DEBUG:colcon.colcon_core.event_handler.log_command:Invoked command in '/home/tienn/dev_ws/src/my_bot/build/my_bot' returned '0': CMAKE_PREFIX_PATH=${CMAKE_PREFIX_PATH}:/home/tienn/ros2_ws/install/my_robot_controller:/opt/ros/humble /usr/bin/cmake --install /home/tienn/dev_ws/src/my_bot/build/my_bot
[1.086s] Level 1:colcon.colcon_core.environment:checking '/home/tienn/dev_ws/src/my_bot/install/my_bot' for CMake module files
[1.087s] Level 1:colcon.colcon_core.environment:checking '/home/tienn/dev_ws/src/my_bot/install/my_bot' for CMake config files
[1.087s] Level 1:colcon.colcon_core.shell:create_environment_hook('my_bot', 'cmake_prefix_path')
[1.088s] INFO:colcon.colcon_core.shell:Creating environment hook '/home/tienn/dev_ws/src/my_bot/install/my_bot/share/my_bot/hook/cmake_prefix_path.ps1'
[1.088s] INFO:colcon.colcon_core.shell:Creating environment descriptor '/home/tienn/dev_ws/src/my_bot/install/my_bot/share/my_bot/hook/cmake_prefix_path.dsv'
[1.089s] INFO:colcon.colcon_core.shell:Creating environment hook '/home/tienn/dev_ws/src/my_bot/install/my_bot/share/my_bot/hook/cmake_prefix_path.sh'
[1.089s] Level 1:colcon.colcon_core.environment:checking '/home/tienn/dev_ws/src/my_bot/install/my_bot/bin'
[1.089s] Level 1:colcon.colcon_core.environment:checking '/home/tienn/dev_ws/src/my_bot/install/my_bot/lib/pkgconfig/my_bot.pc'
[1.089s] Level 1:colcon.colcon_core.environment:checking '/home/tienn/dev_ws/src/my_bot/install/my_bot/lib/python3.10/site-packages'
[1.090s] Level 1:colcon.colcon_core.environment:checking '/home/tienn/dev_ws/src/my_bot/install/my_bot/bin'
[1.091s] INFO:colcon.colcon_core.shell:Creating package script '/home/tienn/dev_ws/src/my_bot/install/my_bot/share/my_bot/package.ps1'
[1.091s] INFO:colcon.colcon_core.shell:Creating package descriptor '/home/tienn/dev_ws/src/my_bot/install/my_bot/share/my_bot/package.dsv'
[1.091s] INFO:colcon.colcon_core.shell:Creating package script '/home/tienn/dev_ws/src/my_bot/install/my_bot/share/my_bot/package.sh'
[1.092s] INFO:colcon.colcon_core.shell:Creating package script '/home/tienn/dev_ws/src/my_bot/install/my_bot/share/my_bot/package.bash'
[1.092s] INFO:colcon.colcon_core.shell:Creating package script '/home/tienn/dev_ws/src/my_bot/install/my_bot/share/my_bot/package.zsh'
[1.093s] Level 1:colcon.colcon_core.environment:create_file_with_runtime_dependencies(/home/tienn/dev_ws/src/my_bot/install/my_bot/share/colcon-core/packages/my_bot)
[1.107s] Level 1:colcon.colcon_core.environment:create_environment_scripts_only(my_bot)
[1.108s] Level 1:colcon.colcon_core.environment:checking '/home/tienn/dev_ws/src/my_bot/install/my_bot' for CMake module files
[1.108s] Level 1:colcon.colcon_core.environment:checking '/home/tienn/dev_ws/src/my_bot/install/my_bot' for CMake config files
[1.109s] Level 1:colcon.colcon_core.shell:create_environment_hook('my_bot', 'cmake_prefix_path')
[1.110s] INFO:colcon.colcon_core.shell:Creating environment hook '/home/tienn/dev_ws/src/my_bot/install/my_bot/share/my_bot/hook/cmake_prefix_path.ps1'
[1.110s] INFO:colcon.colcon_core.shell:Creating environment descriptor '/home/tienn/dev_ws/src/my_bot/install/my_bot/share/my_bot/hook/cmake_prefix_path.dsv'
[1.110s] INFO:colcon.colcon_core.shell:Creating environment hook '/home/tienn/dev_ws/src/my_bot/install/my_bot/share/my_bot/hook/cmake_prefix_path.sh'
[1.111s] Level 1:colcon.colcon_core.environment:checking '/home/tienn/dev_ws/src/my_bot/install/my_bot/bin'
[1.111s] Level 1:colcon.colcon_core.environment:checking '/home/tienn/dev_ws/src/my_bot/install/my_bot/lib/pkgconfig/my_bot.pc'
[1.111s] Level 1:colcon.colcon_core.environment:checking '/home/tienn/dev_ws/src/my_bot/install/my_bot/lib/python3.10/site-packages'
[1.111s] Level 1:colcon.colcon_core.environment:checking '/home/tienn/dev_ws/src/my_bot/install/my_bot/bin'
[1.112s] INFO:colcon.colcon_core.shell:Creating package script '/home/tienn/dev_ws/src/my_bot/install/my_bot/share/my_bot/package.ps1'
[1.113s] INFO:colcon.colcon_core.shell:Creating package descriptor '/home/tienn/dev_ws/src/my_bot/install/my_bot/share/my_bot/package.dsv'
[1.113s] INFO:colcon.colcon_core.shell:Creating package script '/home/tienn/dev_ws/src/my_bot/install/my_bot/share/my_bot/package.sh'
[1.113s] INFO:colcon.colcon_core.shell:Creating package script '/home/tienn/dev_ws/src/my_bot/install/my_bot/share/my_bot/package.bash'
[1.113s] INFO:colcon.colcon_core.shell:Creating package script '/home/tienn/dev_ws/src/my_bot/install/my_bot/share/my_bot/package.zsh'
[1.114s] Level 1:colcon.colcon_core.environment:create_file_with_runtime_dependencies(/home/tienn/dev_ws/src/my_bot/install/my_bot/share/colcon-core/packages/my_bot)
[1.114s] DEBUG:colcon.colcon_parallel_executor.executor.parallel:closing loop
[1.114s] DEBUG:colcon.colcon_parallel_executor.executor.parallel:loop closed
[1.114s] DEBUG:colcon.colcon_parallel_executor.executor.parallel:run_until_complete finished with '0'
[1.114s] DEBUG:colcon.colcon_core.event_reactor:joining thread
[1.118s] INFO:colcon.colcon_core.plugin_system:Skipping extension 'colcon_notification.desktop_notification.terminal_notifier': Not used on non-Darwin systems
[1.118s] INFO:colcon.colcon_core.plugin_system:Skipping extension 'colcon_notification.desktop_notification.win32': Not used on non-Windows systems
[1.118s] INFO:colcon.colcon_notification.desktop_notification:Sending desktop notification using 'notify2'
[1.127s] DEBUG:colcon.colcon_core.event_reactor:joined thread
[1.128s] INFO:colcon.colcon_core.shell:Creating prefix script '/home/tienn/dev_ws/src/my_bot/install/local_setup.ps1'
[1.129s] INFO:colcon.colcon_core.shell:Creating prefix util module '/home/tienn/dev_ws/src/my_bot/install/_local_setup_util_ps1.py'
[1.130s] INFO:colcon.colcon_core.shell:Creating prefix chain script '/home/tienn/dev_ws/src/my_bot/install/setup.ps1'
[1.131s] INFO:colcon.colcon_core.shell:Creating prefix script '/home/tienn/dev_ws/src/my_bot/install/local_setup.sh'
[1.131s] INFO:colcon.colcon_core.shell:Creating prefix util module '/home/tienn/dev_ws/src/my_bot/install/_local_setup_util_sh.py'
[1.132s] INFO:colcon.colcon_core.shell:Creating prefix chain script '/home/tienn/dev_ws/src/my_bot/install/setup.sh'
[1.133s] INFO:colcon.colcon_core.shell:Creating prefix script '/home/tienn/dev_ws/src/my_bot/install/local_setup.bash'
[1.133s] INFO:colcon.colcon_core.shell:Creating prefix chain script '/home/tienn/dev_ws/src/my_bot/install/setup.bash'
[1.134s] INFO:colcon.colcon_core.shell:Creating prefix script '/home/tienn/dev_ws/src/my_bot/install/local_setup.zsh'
[1.135s] INFO:colcon.colcon_core.shell:Creating prefix chain script '/home/tienn/dev_ws/src/my_bot/install/setup.zsh'
