[0.010s] Invoking command in '/home/tienn/dev_ws/src/my_bot/build/my_bot': CMAKE_PREFIX_PATH=${CMAKE_PREFIX_PATH}:/home/tienn/ros2_ws/install/my_robot_controller:/opt/ros/humble /usr/bin/cmake /home/tienn/dev_ws/src/my_bot -DAMENT_CMAKE_SYMLINK_INSTALL=1 -DCMAKE_INSTALL_PREFIX=/home/tienn/dev_ws/src/my_bot/install/my_bot
[0.046s] -- The C compiler identification is GNU 11.4.0
[0.084s] -- The CXX compiler identification is GNU 11.4.0
[0.090s] -- Detecting C compiler ABI info
[0.136s] -- Detecting C compiler ABI info - done
[0.142s] -- Check for working C compiler: /usr/bin/cc - skipped
[0.143s] -- Detecting C compile features
[0.143s] -- Detecting C compile features - done
[0.145s] -- Detecting CXX compiler ABI info
[0.199s] -- Detecting CXX compiler ABI info - done
[0.205s] -- Check for working CXX compiler: /usr/bin/c++ - skipped
[0.205s] -- Detecting CXX compile features
[0.206s] -- Detecting CXX compile features - done
[0.207s] -- Found ament_cmake: 1.3.5 (/opt/ros/humble/share/ament_cmake/cmake)
[0.332s] -- Found Python3: /usr/bin/python3.10 (found version "3.10.12") found components: Interpreter 
[0.384s] -- Override CMake install command with custom implementation using symlinks instead of copying resources
[0.404s] -- Found ament_lint_auto: 0.12.7 (/opt/ros/humble/share/ament_lint_auto/cmake)
[0.466s] -- Added test 'copyright' to check source files copyright and LICENSE
[0.471s] -- Added test 'cppcheck' to perform static code analysis on C / C++ code
[0.471s] -- Configured cppcheck include dirs: 
[0.471s] -- Configured cppcheck exclude dirs and/or files: 
[0.475s] -- Added test 'cpplint' to check C / C++ code against the Google style
[0.475s] -- Configured cpplint exclude dirs and/or files: 
[0.476s] -- Added test 'flake8' to check Python code syntax and style conventions
[0.477s] -- Added test 'lint_cmake' to check CMake code style
[0.478s] -- Added test 'pep257' to check Python code against some of the docstring style conventions in PEP 257
[0.482s] -- Added test 'uncrustify' to check C / C++ code style
[0.483s] -- Configured uncrustify additional arguments: 
[0.483s] -- Added test 'xmllint' to check XML markup files
[0.484s] -- Configuring done
[0.487s] -- Generating done
[0.488s] -- Build files have been written to: /home/tienn/dev_ws/src/my_bot/build/my_bot
[0.491s] Invoked command in '/home/tienn/dev_ws/src/my_bot/build/my_bot' returned '0': CMAKE_PREFIX_PATH=${CMAKE_PREFIX_PATH}:/home/tienn/ros2_ws/install/my_robot_controller:/opt/ros/humble /usr/bin/cmake /home/tienn/dev_ws/src/my_bot -DAMENT_CMAKE_SYMLINK_INSTALL=1 -DCMAKE_INSTALL_PREFIX=/home/tienn/dev_ws/src/my_bot/install/my_bot
[0.493s] Invoking command in '/home/tienn/dev_ws/src/my_bot/build/my_bot': CMAKE_PREFIX_PATH=${CMAKE_PREFIX_PATH}:/home/tienn/ros2_ws/install/my_robot_controller:/opt/ros/humble /usr/bin/cmake --build /home/tienn/dev_ws/src/my_bot/build/my_bot -- -j8 -l8
[0.522s] Invoked command in '/home/tienn/dev_ws/src/my_bot/build/my_bot' returned '0': CMAKE_PREFIX_PATH=${CMAKE_PREFIX_PATH}:/home/tienn/ros2_ws/install/my_robot_controller:/opt/ros/humble /usr/bin/cmake --build /home/tienn/dev_ws/src/my_bot/build/my_bot -- -j8 -l8
[0.544s] Invoking command in '/home/tienn/dev_ws/src/my_bot/build/my_bot': CMAKE_PREFIX_PATH=${CMAKE_PREFIX_PATH}:/home/tienn/ros2_ws/install/my_robot_controller:/opt/ros/humble /usr/bin/cmake --install /home/tienn/dev_ws/src/my_bot/build/my_bot
[0.550s] -- Install configuration: ""
[0.551s] -- Execute custom install script
[0.551s] -- Symlinking: /home/tienn/dev_ws/src/my_bot/install/my_bot/share/my_bot/config/empty.yaml
[0.558s] -- Symlinking: /home/tienn/dev_ws/src/my_bot/install/my_bot/share/my_bot/config/view_bot.rviz
[0.564s] -- Symlinking: /home/tienn/dev_ws/src/my_bot/install/my_bot/share/my_bot/description/inertial_macros.xacro
[0.571s] -- Symlinking: /home/tienn/dev_ws/src/my_bot/install/my_bot/share/my_bot/description/robot.urdf.xacro
[0.577s] -- Symlinking: /home/tienn/dev_ws/src/my_bot/install/my_bot/share/my_bot/description/robot_core.xacro
[0.584s] -- Symlinking: /home/tienn/dev_ws/src/my_bot/install/my_bot/share/my_bot/launch/launch_sim.launch.py
[0.591s] -- Symlinking: /home/tienn/dev_ws/src/my_bot/install/my_bot/share/my_bot/launch/rsp.launch.py
[0.598s] -- Symlinking: /home/tienn/dev_ws/src/my_bot/install/my_bot/share/my_bot/worlds/empty.world
[0.606s] -- Symlinking: /home/tienn/dev_ws/src/my_bot/install/my_bot/share/ament_index/resource_index/package_run_dependencies/my_bot
[0.613s] -- Symlinking: /home/tienn/dev_ws/src/my_bot/install/my_bot/share/ament_index/resource_index/parent_prefix_path/my_bot
[0.621s] -- Symlinking: /home/tienn/dev_ws/src/my_bot/install/my_bot/share/my_bot/environment/ament_prefix_path.sh
[0.628s] -- Symlinking: /home/tienn/dev_ws/src/my_bot/install/my_bot/share/my_bot/environment/ament_prefix_path.dsv
[0.635s] -- Symlinking: /home/tienn/dev_ws/src/my_bot/install/my_bot/share/my_bot/environment/path.sh
[0.641s] -- Symlinking: /home/tienn/dev_ws/src/my_bot/install/my_bot/share/my_bot/environment/path.dsv
[0.647s] -- Symlinking: /home/tienn/dev_ws/src/my_bot/install/my_bot/share/my_bot/local_setup.bash
[0.652s] -- Symlinking: /home/tienn/dev_ws/src/my_bot/install/my_bot/share/my_bot/local_setup.sh
[0.658s] -- Symlinking: /home/tienn/dev_ws/src/my_bot/install/my_bot/share/my_bot/local_setup.zsh
[0.664s] -- Symlinking: /home/tienn/dev_ws/src/my_bot/install/my_bot/share/my_bot/local_setup.dsv
[0.670s] -- Symlinking: /home/tienn/dev_ws/src/my_bot/install/my_bot/share/my_bot/package.dsv
[0.675s] -- Symlinking: /home/tienn/dev_ws/src/my_bot/install/my_bot/share/ament_index/resource_index/packages/my_bot
[0.681s] -- Symlinking: /home/tienn/dev_ws/src/my_bot/install/my_bot/share/my_bot/cmake/my_botConfig.cmake
[0.687s] -- Symlinking: /home/tienn/dev_ws/src/my_bot/install/my_bot/share/my_bot/cmake/my_botConfig-version.cmake
[0.693s] -- Symlinking: /home/tienn/dev_ws/src/my_bot/install/my_bot/share/my_bot/package.xml
[0.701s] Invoked command in '/home/tienn/dev_ws/src/my_bot/build/my_bot' returned '0': CMAKE_PREFIX_PATH=${CMAKE_PREFIX_PATH}:/home/tienn/ros2_ws/install/my_robot_controller:/opt/ros/humble /usr/bin/cmake --install /home/tienn/dev_ws/src/my_bot/build/my_bot
