[0.012s] Invoking command in '/home/tienn/dev_ws/src/my_bot/build/my_bot': CMAKE_PREFIX_PATH=${CMAKE_PREFIX_PATH}:/home/tienn/ros2_ws/install/my_robot_controller:/opt/ros/humble /usr/bin/cmake /home/tienn/dev_ws/src/my_bot -DCMAKE_INSTALL_PREFIX=/home/tienn/dev_ws/src/my_bot/install/my_bot
[0.020s] -- Found ament_cmake: 1.3.5 (/opt/ros/humble/share/ament_cmake/cmake)
[0.122s] -- Override CMake install command with custom implementation using symlinks instead of copying resources
[0.128s] -- Found ament_lint_auto: 0.12.7 (/opt/ros/humble/share/ament_lint_auto/cmake)
[0.183s] -- Added test 'copyright' to check source files copyright and LICENSE
[0.190s] -- Added test 'cppcheck' to perform static code analysis on C / C++ code
[0.190s] -- Configured cppcheck include dirs: 
[0.190s] -- Configured cppcheck exclude dirs and/or files: 
[0.196s] -- Added test 'cpplint' to check C / C++ code against the Google style
[0.197s] -- Configured cpplint exclude dirs and/or files: 
[0.198s] -- Added test 'flake8' to check Python code syntax and style conventions
[0.199s] -- Added test 'lint_cmake' to check CMake code style
[0.201s] -- Added test 'pep257' to check Python code against some of the docstring style conventions in PEP 257
[0.207s] -- Added test 'uncrustify' to check C / C++ code style
[0.207s] -- Configured uncrustify additional arguments: 
[0.208s] -- Added test 'xmllint' to check XML markup files
[0.209s] -- Configuring done
[0.211s] -- Generating done
[0.212s] -- Build files have been written to: /home/tienn/dev_ws/src/my_bot/build/my_bot
[0.214s] Invoked command in '/home/tienn/dev_ws/src/my_bot/build/my_bot' returned '0': CMAKE_PREFIX_PATH=${CMAKE_PREFIX_PATH}:/home/tienn/ros2_ws/install/my_robot_controller:/opt/ros/humble /usr/bin/cmake /home/tienn/dev_ws/src/my_bot -DCMAKE_INSTALL_PREFIX=/home/tienn/dev_ws/src/my_bot/install/my_bot
[0.215s] Invoking command in '/home/tienn/dev_ws/src/my_bot/build/my_bot': CMAKE_PREFIX_PATH=${CMAKE_PREFIX_PATH}:/home/tienn/ros2_ws/install/my_robot_controller:/opt/ros/humble /usr/bin/cmake --build /home/tienn/dev_ws/src/my_bot/build/my_bot -- -j8 -l8
[0.243s] Invoked command in '/home/tienn/dev_ws/src/my_bot/build/my_bot' returned '0': CMAKE_PREFIX_PATH=${CMAKE_PREFIX_PATH}:/home/tienn/ros2_ws/install/my_robot_controller:/opt/ros/humble /usr/bin/cmake --build /home/tienn/dev_ws/src/my_bot/build/my_bot -- -j8 -l8
[0.262s] Invoking command in '/home/tienn/dev_ws/src/my_bot/build/my_bot': CMAKE_PREFIX_PATH=${CMAKE_PREFIX_PATH}:/home/tienn/ros2_ws/install/my_robot_controller:/opt/ros/humble /usr/bin/cmake --install /home/tienn/dev_ws/src/my_bot/build/my_bot
[0.267s] -- Install configuration: ""
[0.267s] -- Execute custom install script
[0.267s] -- Up-to-date symlink: /home/tienn/dev_ws/src/my_bot/install/my_bot/share/my_bot/config/empty.yaml
[0.267s] -- Up-to-date symlink: /home/tienn/dev_ws/src/my_bot/install/my_bot/share/my_bot/config/view_bot.rviz
[0.268s] -- Up-to-date symlink: /home/tienn/dev_ws/src/my_bot/install/my_bot/share/my_bot/description/inertial_macros.xacro
[0.268s] -- Up-to-date symlink: /home/tienn/dev_ws/src/my_bot/install/my_bot/share/my_bot/description/robot.urdf.xacro
[0.268s] -- Up-to-date symlink: /home/tienn/dev_ws/src/my_bot/install/my_bot/share/my_bot/description/robot_core.xacro
[0.268s] -- Up-to-date symlink: /home/tienn/dev_ws/src/my_bot/install/my_bot/share/my_bot/launch/launch_sim.launch.py
[0.268s] -- Up-to-date symlink: /home/tienn/dev_ws/src/my_bot/install/my_bot/share/my_bot/launch/rsp.launch.py
[0.268s] -- Up-to-date symlink: /home/tienn/dev_ws/src/my_bot/install/my_bot/share/my_bot/worlds/empty.world
[0.268s] -- Up-to-date symlink: /home/tienn/dev_ws/src/my_bot/install/my_bot/share/ament_index/resource_index/package_run_dependencies/my_bot
[0.268s] -- Up-to-date symlink: /home/tienn/dev_ws/src/my_bot/install/my_bot/share/ament_index/resource_index/parent_prefix_path/my_bot
[0.269s] -- Up-to-date symlink: /home/tienn/dev_ws/src/my_bot/install/my_bot/share/my_bot/environment/ament_prefix_path.sh
[0.269s] -- Up-to-date symlink: /home/tienn/dev_ws/src/my_bot/install/my_bot/share/my_bot/environment/ament_prefix_path.dsv
[0.269s] -- Up-to-date symlink: /home/tienn/dev_ws/src/my_bot/install/my_bot/share/my_bot/environment/path.sh
[0.269s] -- Up-to-date symlink: /home/tienn/dev_ws/src/my_bot/install/my_bot/share/my_bot/environment/path.dsv
[0.269s] -- Up-to-date symlink: /home/tienn/dev_ws/src/my_bot/install/my_bot/share/my_bot/local_setup.bash
[0.269s] -- Up-to-date symlink: /home/tienn/dev_ws/src/my_bot/install/my_bot/share/my_bot/local_setup.sh
[0.269s] -- Up-to-date symlink: /home/tienn/dev_ws/src/my_bot/install/my_bot/share/my_bot/local_setup.zsh
[0.269s] -- Up-to-date symlink: /home/tienn/dev_ws/src/my_bot/install/my_bot/share/my_bot/local_setup.dsv
[0.269s] -- Symlinking: /home/tienn/dev_ws/src/my_bot/install/my_bot/share/my_bot/package.dsv
[0.276s] -- Up-to-date symlink: /home/tienn/dev_ws/src/my_bot/install/my_bot/share/ament_index/resource_index/packages/my_bot
[0.276s] -- Up-to-date symlink: /home/tienn/dev_ws/src/my_bot/install/my_bot/share/my_bot/cmake/my_botConfig.cmake
[0.276s] -- Up-to-date symlink: /home/tienn/dev_ws/src/my_bot/install/my_bot/share/my_bot/cmake/my_botConfig-version.cmake
[0.276s] -- Up-to-date symlink: /home/tienn/dev_ws/src/my_bot/install/my_bot/share/my_bot/package.xml
[0.278s] Invoked command in '/home/tienn/dev_ws/src/my_bot/build/my_bot' returned '0': CMAKE_PREFIX_PATH=${CMAKE_PREFIX_PATH}:/home/tienn/ros2_ws/install/my_robot_controller:/opt/ros/humble /usr/bin/cmake --install /home/tienn/dev_ws/src/my_bot/build/my_bot
